# JRE version: OpenJDK Runtime Environment (11.0.10) (build 11.0.10+0-b96-7249189)
# Java VM: OpenJDK 64-Bit Server VM (11.0.10+0-b96-7249189, mixed mode, tiered, compressed oops, g1 gc, windows-amd64)
Heap:
 garbage-first heap   total 346112K, used 144109K [0x00000000a0000000, 0x0000000100000000)
  region size 1024K, 19 young (19456K), 15 survivors (15360K)
 Metaspace       used 95494K, capacity 99019K, committed 99920K, reserved 1136640K
  class space    used 12041K, capacity 13194K, committed 13440K, reserved 1048576K
GC Heap History (20 events):
Event: 1012.038 GC heap before
{Heap before GC invocations=81 (full 0):
 garbage-first heap   total 198656K, used 156791K [0x00000000a0000000, 0x0000000100000000)
  region size 1024K, 39 young (39936K), 1 survivors (1024K)
 Metaspace       used 92610K, capacity 96167K, committed 96464K, reserved 1132544K
  class space    used 11746K, capacity 12946K, committed 13056K, reserved 1048576K
}
Event: 1012.042 GC heap after
{Heap after GC invocations=82 (full 0):
 garbage-first heap   total 198656K, used 121551K [0x00000000a0000000, 0x0000000100000000)
  region size 1024K, 3 young (3072K), 3 survivors (3072K)
 Metaspace       used 92610K, capacity 96167K, committed 96464K, reserved 1132544K
  class space    used 11746K, capacity 12946K, committed 13056K, reserved 1048576K
}
Event: 1012.470 GC heap before
{Heap before GC invocations=83 (full 0):
 garbage-first heap   total 242688K, used 204495K [0x00000000a0000000, 0x0000000100000000)
  region size 1024K, 42 young (43008K), 3 survivors (3072K)
 Metaspace       used 92955K, capacity 96411K, committed 96720K, reserved 1132544K
  class space    used 11801K, capacity 12962K, committed 13056K, reserved 1048576K
}
Event: 1012.477 GC heap after
{Heap after GC invocations=84 (full 0):
 garbage-first heap   total 242688K, used 166595K [0x00000000a0000000, 0x0000000100000000)
  region size 1024K, 4 young (4096K), 4 survivors (4096K)
 Metaspace       used 92955K, capacity 96411K, committed 96720K, reserved 1132544K
  class space    used 11801K, capacity 12962K, committed 13056K, reserved 1048576K
}
Event: 1012.584 GC heap before
{Heap before GC invocations=84 (full 0):
 garbage-first heap   total 286720K, used 216771K [0x00000000a0000000, 0x0000000100000000)
  region size 1024K, 11 young (11264K), 4 survivors (4096K)
 Metaspace       used 92971K, capacity 96412K, committed 96720K, reserved 1132544K
  class space    used 11803K, capacity 12962K, committed 13056K, reserved 1048576K
}
Event: 1012.589 GC heap after
{Heap after GC invocations=85 (full 0):
 garbage-first heap   total 286720K, used 211150K [0x00000000a0000000, 0x0000000100000000)
  region size 1024K, 1 young (1024K), 1 survivors (1024K)
 Metaspace       used 92971K, capacity 96412K, committed 96720K, reserved 1132544K
  class space    used 11803K, capacity 12962K, committed 13056K, reserved 1048576K
}
Event: 1012.769 GC heap before
{Heap before GC invocations=85 (full 0):
 garbage-first heap   total 286720K, used 244942K [0x00000000a0000000, 0x0000000100000000)
  region size 1024K, 36 young (36864K), 1 survivors (1024K)
 Metaspace       used 93010K, capacity 96413K, committed 96720K, reserved 1132544K
  class space    used 11804K, capacity 12962K, committed 13056K, reserved 1048576K
}
Event: 1012.773 GC heap after
{Heap after GC invocations=86 (full 0):
 garbage-first heap   total 286720K, used 210986K [0x00000000a0000000, 0x0000000100000000)
  region size 1024K, 1 young (1024K), 1 survivors (1024K)
 Metaspace       used 93010K, capacity 96413K, committed 96720K, reserved 1132544K
  class space    used 11804K, capacity 12962K, committed 13056K, reserved 1048576K
}
Event: 1013.750 GC heap before
{Heap before GC invocations=87 (full 0):
 garbage-first heap   total 286720K, used 245802K [0x00000000a0000000, 0x0000000100000000)
  region size 1024K, 36 young (36864K), 1 survivors (1024K)
 Metaspace       used 93264K, capacity 96784K, committed 96976K, reserved 1132544K
  class space    used 11823K, capacity 12976K, committed 13056K, reserved 1048576K
}
Event: 1013.754 GC heap after
{Heap after GC invocations=88 (full 0):
 garbage-first heap   total 286720K, used 213028K [0x00000000a0000000, 0x0000000100000000)
  region size 1024K, 3 young (3072K), 3 survivors (3072K)
 Metaspace       used 93264K, capacity 96784K, committed 96976K, reserved 1132544K
  class space    used 11823K, capacity 12976K, committed 13056K, reserved 1048576K
}
Event: 1014.077 GC heap before
{Heap before GC invocations=88 (full 0):
 garbage-first heap   total 286720K, used 222244K [0x00000000a0000000, 0x0000000100000000)
  region size 1024K, 14 young (14336K), 3 survivors (3072K)
 Metaspace       used 94342K, capacity 97932K, committed 98128K, reserved 1134592K
  class space    used 11961K, capacity 13140K, committed 13184K, reserved 1048576K
}
Event: 1014.084 GC heap after
{Heap after GC invocations=89 (full 0):
 garbage-first heap   total 286720K, used 214364K [0x00000000a0000000, 0x0000000100000000)
  region size 1024K, 4 young (4096K), 4 survivors (4096K)
 Metaspace       used 94342K, capacity 97932K, committed 98128K, reserved 1134592K
  class space    used 11961K, capacity 13140K, committed 13184K, reserved 1048576K
}
Event: 1014.299 GC heap before
{Heap before GC invocations=90 (full 0):
 garbage-first heap   total 286720K, used 199004K [0x00000000a0000000, 0x0000000100000000)
  region size 1024K, 5 young (5120K), 4 survivors (4096K)
 Metaspace       used 94342K, capacity 97932K, committed 98128K, reserved 1134592K
  class space    used 11961K, capacity 13140K, committed 13184K, reserved 1048576K
}
Event: 1014.304 GC heap after
{Heap after GC invocations=91 (full 0):
 garbage-first heap   total 286720K, used 155192K [0x00000000a0000000, 0x0000000100000000)
  region size 1024K, 2 young (2048K), 2 survivors (2048K)
 Metaspace       used 94342K, capacity 97932K, committed 98128K, reserved 1134592K
  class space    used 11961K, capacity 13140K, committed 13184K, reserved 1048576K
}
Event: 1014.906 GC heap before
{Heap before GC invocations=92 (full 0):
 garbage-first heap   total 344064K, used 260664K [0x00000000a0000000, 0x0000000100000000)
  region size 1024K, 23 young (23552K), 2 survivors (2048K)
 Metaspace       used 94827K, capacity 98414K, committed 98768K, reserved 1134592K
  class space    used 12022K, capacity 13213K, committed 13312K, reserved 1048576K
}
Event: 1014.909 GC heap after
{Heap after GC invocations=93 (full 0):
 garbage-first heap   total 344064K, used 126944K [0x00000000a0000000, 0x0000000100000000)
  region size 1024K, 2 young (2048K), 2 survivors (2048K)
 Metaspace       used 94827K, capacity 98414K, committed 98768K, reserved 1134592K
  class space    used 12022K, capacity 13213K, committed 13312K, reserved 1048576K
}
Event: 4941.698 GC heap before
{Heap before GC invocations=94 (full 0):
 garbage-first heap   total 344064K, used 344032K [0x00000000a0000000, 0x0000000100000000)
  region size 1024K, 94 young (96256K), 2 survivors (2048K)
 Metaspace       used 95253K, capacity 98823K, committed 99024K, reserved 1134592K
  class space    used 12071K, capacity 13260K, committed 13312K, reserved 1048576K
}
Event: 4941.804 GC heap after
{Heap after GC invocations=95 (full 0):
 garbage-first heap   total 346112K, used 126381K [0x00000000a0000000, 0x0000000100000000)
  region size 1024K, 2 young (2048K), 2 survivors (2048K)
 Metaspace       used 95253K, capacity 98823K, committed 99024K, reserved 1134592K
  class space    used 12071K, capacity 13260K, committed 13312K, reserved 1048576K
}
Event: 4945.865 GC heap before
{Heap before GC invocations=95 (full 0):
 garbage-first heap   total 346112K, used 241069K [0x00000000a0000000, 0x0000000100000000)
  region size 1024K, 115 young (117760K), 2 survivors (2048K)
 Metaspace       used 95880K, capacity 99643K, committed 99920K, reserved 1136640K
  class space    used 12130K, capacity 13364K, committed 13440K, reserved 1048576K
}
Event: 4945.956 GC heap after
{Heap after GC invocations=96 (full 0):
 garbage-first heap   total 346112K, used 141037K [0x00000000a0000000, 0x0000000100000000)
  region size 1024K, 15 young (15360K), 15 survivors (15360K)
 Metaspace       used 95880K, capacity 99643K, committed 99920K, reserved 1136640K
  class space    used 12130K, capacity 13364K, committed 13440K, reserved 1048576K
}

