# JRE version: OpenJDK Runtime Environment (11.0.10) (build 11.0.10+0-b96-7249189)
# Java VM: OpenJDK 64-Bit Server VM (11.0.10+0-b96-7249189, mixed mode, tiered, compressed oops, g1 gc, windows-amd64)
Heap:
 garbage-first heap   total 299008K, used 198281K [0x00000000a0000000, 0x0000000100000000)
  region size 1024K, 63 young (64512K), 8 survivors (8192K)
 Metaspace       used 95239K, capacity 98919K, committed 99108K, reserved 1134592K
  class space    used 12075K, capacity 13277K, committed 13312K, reserved 1048576K
GC Heap History (20 events):
Event: 730.880 GC heap before
{Heap before GC invocations=61 (full 0):
 garbage-first heap   total 245760K, used 216859K [0x00000000a0000000, 0x0000000100000000)
  region size 1024K, 16 young (16384K), 1 survivors (1024K)
 Metaspace       used 91371K, capacity 94657K, committed 94756K, reserved 1132544K
  class space    used 11630K, capacity 12716K, committed 12800K, reserved 1048576K
}
Event: 730.886 GC heap after
{Heap after GC invocations=62 (full 0):
 garbage-first heap   total 245760K, used 203787K [0x00000000a0000000, 0x0000000100000000)
  region size 1024K, 2 young (2048K), 2 survivors (2048K)
 Metaspace       used 91371K, capacity 94657K, committed 94756K, reserved 1132544K
  class space    used 11630K, capacity 12716K, committed 12800K, reserved 1048576K
}
Event: 731.073 GC heap before
{Heap before GC invocations=63 (full 0):
 garbage-first heap   total 245760K, used 217099K [0x00000000a0000000, 0x0000000100000000)
  region size 1024K, 17 young (17408K), 2 survivors (2048K)
 Metaspace       used 91425K, capacity 94667K, committed 94756K, reserved 1132544K
  class space    used 11631K, capacity 12717K, committed 12800K, reserved 1048576K
}
Event: 731.076 GC heap after
{Heap after GC invocations=64 (full 0):
 garbage-first heap   total 245760K, used 204292K [0x00000000a0000000, 0x0000000100000000)
  region size 1024K, 2 young (2048K), 2 survivors (2048K)
 Metaspace       used 91425K, capacity 94667K, committed 94756K, reserved 1132544K
  class space    used 11631K, capacity 12717K, committed 12800K, reserved 1048576K
}
Event: 731.274 GC heap before
{Heap before GC invocations=64 (full 0):
 garbage-first heap   total 245760K, used 216580K [0x00000000a0000000, 0x0000000100000000)
  region size 1024K, 16 young (16384K), 2 survivors (2048K)
 Metaspace       used 91662K, capacity 94955K, committed 95012K, reserved 1132544K
  class space    used 11665K, capacity 12749K, committed 12800K, reserved 1048576K
}
Event: 731.277 GC heap after
{Heap after GC invocations=65 (full 0):
 garbage-first heap   total 245760K, used 204815K [0x00000000a0000000, 0x0000000100000000)
  region size 1024K, 2 young (2048K), 2 survivors (2048K)
 Metaspace       used 91662K, capacity 94955K, committed 95012K, reserved 1132544K
  class space    used 11665K, capacity 12749K, committed 12800K, reserved 1048576K
}
Event: 731.720 GC heap before
{Heap before GC invocations=66 (full 0):
 garbage-first heap   total 245760K, used 217103K [0x00000000a0000000, 0x0000000100000000)
  region size 1024K, 15 young (15360K), 2 survivors (2048K)
 Metaspace       used 91738K, capacity 95022K, committed 95268K, reserved 1132544K
  class space    used 11668K, capacity 12750K, committed 12800K, reserved 1048576K
}
Event: 731.723 GC heap after
{Heap after GC invocations=67 (full 0):
 garbage-first heap   total 245760K, used 205747K [0x00000000a0000000, 0x0000000100000000)
  region size 1024K, 2 young (2048K), 2 survivors (2048K)
 Metaspace       used 91738K, capacity 95022K, committed 95268K, reserved 1132544K
  class space    used 11668K, capacity 12750K, committed 12800K, reserved 1048576K
}
Event: 731.915 GC heap before
{Heap before GC invocations=67 (full 0):
 garbage-first heap   total 245760K, used 218035K [0x00000000a0000000, 0x0000000100000000)
  region size 1024K, 14 young (14336K), 2 survivors (2048K)
 Metaspace       used 92160K, capacity 95441K, committed 95652K, reserved 1132544K
  class space    used 11710K, capacity 12796K, committed 12928K, reserved 1048576K
}
Event: 731.922 GC heap after
{Heap after GC invocations=68 (full 0):
 garbage-first heap   total 245760K, used 207712K [0x00000000a0000000, 0x0000000100000000)
  region size 1024K, 2 young (2048K), 2 survivors (2048K)
 Metaspace       used 92160K, capacity 95441K, committed 95652K, reserved 1132544K
  class space    used 11710K, capacity 12796K, committed 12928K, reserved 1048576K
}
Event: 732.318 GC heap before
{Heap before GC invocations=69 (full 0):
 garbage-first heap   total 245760K, used 198496K [0x00000000a0000000, 0x0000000100000000)
  region size 1024K, 10 young (10240K), 2 survivors (2048K)
 Metaspace       used 92973K, capacity 96252K, committed 96420K, reserved 1132544K
  class space    used 11821K, capacity 12919K, committed 12928K, reserved 1048576K
}
Event: 732.327 GC heap after
{Heap after GC invocations=70 (full 0):
 garbage-first heap   total 294912K, used 149353K [0x00000000a0000000, 0x0000000100000000)
  region size 1024K, 1 young (1024K), 1 survivors (1024K)
 Metaspace       used 92973K, capacity 96252K, committed 96420K, reserved 1132544K
  class space    used 11821K, capacity 12919K, committed 12928K, reserved 1048576K
}
Event: 733.122 GC heap before
{Heap before GC invocations=71 (full 0):
 garbage-first heap   total 294912K, used 255849K [0x00000000a0000000, 0x0000000100000000)
  region size 1024K, 23 young (23552K), 1 survivors (1024K)
 Metaspace       used 93455K, capacity 96798K, committed 97060K, reserved 1134592K
  class space    used 11881K, capacity 12992K, committed 13056K, reserved 1048576K
}
Event: 733.126 GC heap after
{Heap after GC invocations=72 (full 0):
 garbage-first heap   total 294912K, used 121268K [0x00000000a0000000, 0x0000000100000000)
  region size 1024K, 2 young (2048K), 2 survivors (2048K)
 Metaspace       used 93455K, capacity 96798K, committed 97060K, reserved 1134592K
  class space    used 11881K, capacity 12992K, committed 13056K, reserved 1048576K
}
Event: 1099.943 GC heap before
{Heap before GC invocations=73 (full 0):
 garbage-first heap   total 294912K, used 293300K [0x00000000a0000000, 0x0000000100000000)
  region size 1024K, 51 young (52224K), 2 survivors (2048K)
 Metaspace       used 93932K, capacity 97248K, committed 97316K, reserved 1134592K
  class space    used 11937K, capacity 13027K, committed 13056K, reserved 1048576K
}
Event: 1100.034 GC heap after
{Heap after GC invocations=74 (full 0):
 garbage-first heap   total 299008K, used 123591K [0x00000000a0000000, 0x0000000100000000)
  region size 1024K, 4 young (4096K), 4 survivors (4096K)
 Metaspace       used 93932K, capacity 97248K, committed 97316K, reserved 1134592K
  class space    used 11937K, capacity 13027K, committed 13056K, reserved 1048576K
}
Event: 1102.408 GC heap before
{Heap before GC invocations=74 (full 0):
 garbage-first heap   total 299008K, used 193223K [0x00000000a0000000, 0x0000000100000000)
  region size 1024K, 73 young (74752K), 4 survivors (4096K)
 Metaspace       used 94458K, capacity 97931K, committed 98212K, reserved 1134592K
  class space    used 11991K, capacity 13127K, committed 13184K, reserved 1048576K
}
Event: 1102.509 GC heap after
{Heap after GC invocations=75 (full 0):
 garbage-first heap   total 299008K, used 135995K [0x00000000a0000000, 0x0000000100000000)
  region size 1024K, 10 young (10240K), 10 survivors (10240K)
 Metaspace       used 94458K, capacity 97931K, committed 98212K, reserved 1134592K
  class space    used 11991K, capacity 13127K, committed 13184K, reserved 1048576K
}
Event: 1150.263 GC heap before
{Heap before GC invocations=75 (full 0):
 garbage-first heap   total 299008K, used 203579K [0x00000000a0000000, 0x0000000100000000)
  region size 1024K, 77 young (78848K), 10 survivors (10240K)
 Metaspace       used 94987K, capacity 98665K, committed 98852K, reserved 1134592K
  class space    used 12058K, capacity 13245K, committed 13312K, reserved 1048576K
}
Event: 1150.344 GC heap after
{Heap after GC invocations=76 (full 0):
 garbage-first heap   total 299008K, used 144009K [0x00000000a0000000, 0x0000000100000000)
  region size 1024K, 8 young (8192K), 8 survivors (8192K)
 Metaspace       used 94987K, capacity 98665K, committed 98852K, reserved 1134592K
  class space    used 12058K, capacity 13245K, committed 13312K, reserved 1048576K
}

